#
# A fatal error has been detected by the Java Runtime Environment:
#
#  SIGSEGV (0xb) at pc=0x00007fec5921e101, pid=43449, tid=140652911576832
#
# JRE version: 7.0_07-b10
# Java VM: Java HotSpot(TM) 64-Bit Server VM (23.3-b01 mixed mode linux-amd64 compressed oops)
# Problematic frame:
# C  [libc.so.6+0x89101]  __strerror_r+0x221
#
# Failed to write core dump. Core dumps have been disabled. To enable core dumping, try "ulimit -c unlimited" before starting Java again
#
# If you would like to submit a bug report, please visit:
#   http://bugreport.sun.com/bugreport/crash.jsp
# The crash happened outside the Java Virtual Machine in native code.
# See problematic frame for where to report the bug.
#

---------------  T H R E A D  ---------------

Current thread (0x00007fec5474a000):  JavaThread "kevin.zhang.TestNLPIR.main()" [_thread_in_native, id=43480, stack(0x00007fec4ec4c000,0x00007fec4ed4d000)]

siginfo:si_signo=SIGSEGV: si_errno=0, si_code=1 (SEGV_MAPERR), si_addr=0x0000000000000000

Registers:
RAX=0x0000000000000000, RBX=0x0000000000000016, RCX=0x0000000000000000, RDX=0x0000000000000000
RSP=0x00007fec4ed4af88, RBP=0x00007fec3c2504e0, RSI=0x00000000ffffffff, RDI=0x0000000000000000
R8 =0x00007fec4ed4c700, R9 =0x0000000000000000, R10=0x0000000000000000, R11=0x0000000000000000
R12=0x0000000000000000, R13=0x00007fec3c0fa2e0, R14=0x00007fec5474a1d8, R15=0x00007fec4ed4b088
RIP=0x00007fec5921e101, EFLAGS=0x0000000000010283, CSGSFS=0x0000000000000033, ERR=0x0000000000000004
  TRAPNO=0x000000000000000e

Top of Stack: (sp=0x00007fec4ed4af88)
0x00007fec4ed4af88:   00007fec4ea2e45d 000000324ed4afd0
0x00007fec4ed4af98:   00007fec3c0f7400 00007fec5474a000
0x00007fec4ed4afa8:   00007fec00000000 00000000fbc46718
0x00007fec4ed4afb8:   00000000fbc46718 00007fec4ed4b058
0x00007fec4ed4afc8:   0000000000000000 00000000fbc46718
0x00007fec4ed4afd8:   00007fec4ed4b090 00007fec5474a000
0x00007fec4ed4afe8:   00007fec4ff79f30 00000000fbc44bd0
0x00007fec4ed4aff8:   00000000000000b6 00007fec3c1630a8
0x00007fec4ed4b008:   00000000dfe3d838 00007fec5474a000
0x00007fec4ed4b018:   00007fec4ed4b018 00000000fbc46718
0x00007fec4ed4b028:   00007fec4ed4b090 00000000fbc47108
0x00007fec4ed4b038:   0000000000000000 00000000fbc46718
0x00007fec4ed4b048:   0000000000000000 00007fec4ed4b078
0x00007fec4ed4b058:   00007fec4ed4b0d8 00007fec4ff6e333
0x00007fec4ed4b068:   0000000000000000 00007fec4ff76dbb
0x00007fec4ed4b078:   0000000000000001 0000000000000032
0x00007fec4ed4b088:   00000000dfe54120 00000000dfe238f0
0x00007fec4ed4b098:   00007fec4ed4b098 00000000fbc44bd0
0x00007fec4ed4b0a8:   00007fec4ed4b128 00000000fbc45038
0x00007fec4ed4b0b8:   0000000000000000 00000000fbc44d60
0x00007fec4ed4b0c8:   00007fec4ed4b078 00007fec4ed4b128
0x00007fec4ed4b0d8:   00007fec4ed4b170 00007fec4ff6e158
0x00007fec4ed4b0e8:   00000000dfe54018 00000000dfe53fc0
0x00007fec4ed4b0f8:   00000000dfe53098 00000000dfe52fc0
0x00007fec4ed4b108:   00000000dfe241b8 00000000dfdc0fb0
0x00007fec4ed4b118:   00000000dfe23da8 00000000dfe238f0
0x00007fec4ed4b128:   00000000dfe1fac0 00007fec4ed4b130
0x00007fec4ed4b138:   00000000fbc449ac 00007fec4ed4b188
0x00007fec4ed4b148:   00000000fbc45038 0000000000000000
0x00007fec4ed4b158:   00000000fbc449e8 00007fec4ed4b128
0x00007fec4ed4b168:   00007fec4ed4b188 00007fec4ed4b1f0
0x00007fec4ed4b178:   00007fec4ff684f7 00000000dfe1fac0 

Instructions: (pc=0x00007fec5921e101)
0x00007fec5921e0e1:   00 04 00 00 00 74 07 48 8d 05 81 68 0d 00 c3 48
0x00007fec5921e0f1:   31 c0 89 f9 83 e1 3f 66 0f ef c0 83 f9 30 77 19
0x00007fec5921e101:   f3 0f 6f 0f 66 0f 74 c1 66 0f d7 d0 85 d2 75 7a
0x00007fec5921e111:   48 89 f8 48 83 e0 f0 eb 1d 48 89 f8 48 83 e0 f0 

Register to memory mapping:

RAX=0x0000000000000000 is an unknown value
RBX=0x0000000000000016 is an unknown value
RCX=0x0000000000000000 is an unknown value
RDX=0x0000000000000000 is an unknown value
RSP=0x00007fec4ed4af88 is pointing into the stack for thread: 0x00007fec5474a000
RBP=0x00007fec3c2504e0 is an unknown value
RSI=0x00000000ffffffff is an unallocated location in the heap
RDI=0x0000000000000000 is an unknown value
R8 =0x00007fec4ed4c700 is pointing into the stack for thread: 0x00007fec5474a000
R9 =0x0000000000000000 is an unknown value
R10=0x0000000000000000 is an unknown value
R11=0x0000000000000000 is an unknown value
R12=0x0000000000000000 is an unknown value
R13=0x00007fec3c0fa2e0 is an unknown value
R14=0x00007fec5474a1d8 is an unknown value
R15=0x00007fec4ed4b088 is pointing into the stack for thread: 0x00007fec5474a000


Stack: [0x00007fec4ec4c000,0x00007fec4ed4d000],  sp=0x00007fec4ed4af88,  free space=1019k
Native frames: (J=compiled Java code, j=interpreted, Vv=VM code, C=native code)
C  [libc.so.6+0x89101]  __strerror_r+0x221

Java frames: (J=compiled Java code, j=interpreted, Vv=VM code)
j  kevin.zhang.NLPIR.NLPIR_GetFileNewWords([BIZ)[B+0
j  kevin.zhang.TestNLPIR.test(Ljava/lang/String;)V+176
j  kevin.zhang.TestNLPIR.main([Ljava/lang/String;)V+4
v  ~StubRoutines::call_stub
j  sun.reflect.NativeMethodAccessorImpl.invoke0(Ljava/lang/reflect/Method;Ljava/lang/Object;[Ljava/lang/Object;)Ljava/lang/Object;+0
j  sun.reflect.NativeMethodAccessorImpl.invoke(Ljava/lang/Object;[Ljava/lang/Object;)Ljava/lang/Object;+87
j  sun.reflect.DelegatingMethodAccessorImpl.invoke(Ljava/lang/Object;[Ljava/lang/Object;)Ljava/lang/Object;+6
j  java.lang.reflect.Method.invoke(Ljava/lang/Object;[Ljava/lang/Object;)Ljava/lang/Object;+57
j  org.codehaus.mojo.exec.ExecJavaMojo$1.run()V+112
j  java.lang.Thread.run()V+11
v  ~StubRoutines::call_stub

---------------  P R O C E S S  ---------------

Java Threads: ( => current thread )
=>0x00007fec5474a000 JavaThread "kevin.zhang.TestNLPIR.main()" [_thread_in_native, id=43480, stack(0x00007fec4ec4c000,0x00007fec4ed4d000)]
  0x00007fec5461d800 JavaThread "process reaper" daemon [_thread_blocked, id=43479, stack(0x00007fec4ed5b000,0x00007fec4ed83000)]
  0x00007fec54325800 JavaThread "com.google.common.base.internal.Finalizer" daemon [_thread_blocked, id=43476, stack(0x00007fec4ed87000,0x00007fec4ee88000)]
  0x00007fec540e6000 JavaThread "Service Thread" daemon [_thread_blocked, id=43474, stack(0x00007fec4f41a000,0x00007fec4f51b000)]
  0x00007fec540e3800 JavaThread "C2 CompilerThread1" daemon [_thread_blocked, id=43473, stack(0x00007fec4f51b000,0x00007fec4f61c000)]
  0x00007fec540e1000 JavaThread "C2 CompilerThread0" daemon [_thread_blocked, id=43472, stack(0x00007fec4f61c000,0x00007fec4f71d000)]
  0x00007fec540df000 JavaThread "Signal Dispatcher" daemon [_thread_blocked, id=43471, stack(0x00007fec4f71d000,0x00007fec4f81e000)]
  0x00007fec54091800 JavaThread "Finalizer" daemon [_thread_blocked, id=43470, stack(0x00007fec4f9a7000,0x00007fec4faa8000)]
  0x00007fec5408f800 JavaThread "Reference Handler" daemon [_thread_blocked, id=43469, stack(0x00007fec4faa8000,0x00007fec4fba9000)]
  0x00007fec54009000 JavaThread "main" [_thread_blocked, id=43467, stack(0x00007fec59c98000,0x00007fec59d99000)]

Other Threads:
  0x00007fec54088000 VMThread [stack: 0x00007fec4fba9000,0x00007fec4fcaa000] [id=43468]
  0x00007fec540f1000 WatcherThread [stack: 0x00007fec4f319000,0x00007fec4f41a000] [id=43475]

VM state:not at safepoint (normal execution)

VM Mutex/Monitor currently owned by a thread: None

Heap
 def new generation   total 8384K, used 5126K [0x00000000dfa00000, 0x00000000e0310000, 0x00000000e8b50000)
  eden space 7488K,  60% used [0x00000000dfa00000, 0x00000000dfe71d88, 0x00000000e0150000)
  from space 896K,  64% used [0x00000000e0150000, 0x00000000e01dfc28, 0x00000000e0230000)
  to   space 896K,   0% used [0x00000000e0230000, 0x00000000e0230000, 0x00000000e0310000)
 tenured generation   total 18624K, used 17730K [0x00000000e8b50000, 0x00000000e9d80000, 0x00000000fae00000)
   the space 18624K,  95% used [0x00000000e8b50000, 0x00000000e9ca0a38, 0x00000000e9ca0c00, 0x00000000e9d80000)
 compacting perm gen  total 21248K, used 14680K [0x00000000fae00000, 0x00000000fc2c0000, 0x0000000100000000)
   the space 21248K,  69% used [0x00000000fae00000, 0x00000000fbc561c8, 0x00000000fbc56200, 0x00000000fc2c0000)
No shared spaces configured.

Card table byte_map: [0x00007fec58070000,0x00007fec58174000] byte_map_base: 0x00007fec57973000

Polling page: 0x00007fec59daa000

Code Cache  [0x00007fec4ff68000, 0x00007fec501d8000, 0x00007fec52f68000)
 total_blobs=733 nmethods=463 adapters=222 free_code_cache=47587Kb largest_free_block=48691712

Compilation events (10 events):
Event: 11.108 Thread 0x00007fec540e3800  472             sun.misc.ASCIICaseInsensitiveComparator::isUpper (18 bytes)
Event: 11.109 Thread 0x00007fec540e3800 nmethod 472 0x00007fec500f2a90 code [0x00007fec500f2bc0, 0x00007fec500f2c18]
Event: 11.111 Thread 0x00007fec540e3800  473             sun.misc.ASCIICaseInsensitiveComparator::compare (126 bytes)
Event: 11.120 Thread 0x00007fec540e3800 nmethod 473 0x00007fec500f6010 code [0x00007fec500f6160, 0x00007fec500f6458]
Event: 11.123 Thread 0x00007fec540e1000  474             sun.misc.ASCIICaseInsensitiveComparator::compare (13 bytes)
Event: 11.130 Thread 0x00007fec540e1000 nmethod 474 0x00007fec500f6650 code [0x00007fec500f67c0, 0x00007fec500f6b78]
Event: 11.131 Thread 0x00007fec540e3800  475             java.util.TreeMap::parentOf (13 bytes)
Event: 11.131 Thread 0x00007fec540e3800 nmethod 475 0x00007fec500f2810 code [0x00007fec500f2940, 0x00007fec500f2998]
Event: 11.135 Thread 0x00007fec540e1000    5 %           java.util.Arrays::fill @ 5 (21 bytes)
Event: 11.138 Thread 0x00007fec540e1000 nmethod 5% 0x00007fec500f4610 code [0x00007fec500f4760, 0x00007fec500f4858]

GC Heap History (10 events):
Event: 9.994 GC heap before
{Heap before GC invocations=27 (full 0):
 def new generation   total 8384K, used 8157K [0x00000000dfa00000, 0x00000000e0310000, 0x00000000e8b50000)
  eden space 7488K, 100% used [0x00000000dfa00000, 0x00000000e0150000, 0x00000000e0150000)
  from space 896K,  74% used [0x00000000e0230000, 0x00000000e02d7780, 0x00000000e0310000)
  to   space 896K,   0% used [0x00000000e0150000, 0x00000000e0150000, 0x00000000e0230000)
 tenured generation   total 18624K, used 16368K [0x00000000e8b50000, 0x00000000e9d80000, 0x00000000fae00000)
   the space 18624K,  87% used [0x00000000e8b50000, 0x00000000e9b4c178, 0x00000000e9b4c200, 0x00000000e9d80000)
 compacting perm gen  total 21248K, used 14082K [0x00000000fae00000, 0x00000000fc2c0000, 0x0000000100000000)
   the space 21248K,  66% used [0x00000000fae00000, 0x00000000fbbc08b0, 0x00000000fbbc0a00, 0x00000000fc2c0000)
No shared spaces configured.
Event: 9.999 GC heap after
Heap after GC invocations=28 (full 0):
 def new generation   total 8384K, used 654K [0x00000000dfa00000, 0x00000000e0310000, 0x00000000e8b50000)
  eden space 7488K,   0% used [0x00000000dfa00000, 0x00000000dfa00000, 0x00000000e0150000)
  from space 896K,  72% used [0x00000000e0150000, 0x00000000e01f3850, 0x00000000e0230000)
  to   space 896K,   0% used [0x00000000e0230000, 0x00000000e0230000, 0x00000000e0310000)
 tenured generation   total 18624K, used 16695K [0x00000000e8b50000, 0x00000000e9d80000, 0x00000000fae00000)
   the space 18624K,  89% used [0x00000000e8b50000, 0x00000000e9b9dc80, 0x00000000e9b9de00, 0x00000000e9d80000)
 compacting perm gen  total 21248K, used 14082K [0x00000000fae00000, 0x00000000fc2c0000, 0x0000000100000000)
   the space 21248K,  66% used [0x00000000fae00000, 0x00000000fbbc08b0, 0x00000000fbbc0a00, 0x00000000fc2c0000)
No shared spaces configured.
}
Event: 10.222 GC heap before
{Heap before GC invocations=28 (full 0):
 def new generation   total 8384K, used 8142K [0x00000000dfa00000, 0x00000000e0310000, 0x00000000e8b50000)
  eden space 7488K, 100% used [0x00000000dfa00000, 0x00000000e0150000, 0x00000000e0150000)
  from space 896K,  72% used [0x00000000e0150000, 0x00000000e01f3850, 0x00000000e0230000)
  to   space 896K,   0% used [0x00000000e0230000, 0x00000000e0230000, 0x00000000e0310000)
 tenured generation   total 18624K, used 16695K [0x00000000e8b50000, 0x00000000e9d80000, 0x00000000fae00000)
   the space 18624K,  89% used [0x00000000e8b50000, 0x00000000e9b9dc80, 0x00000000e9b9de00, 0x00000000e9d80000)
 compacting perm gen  total 21248K, used 14082K [0x00000000fae00000, 0x00000000fc2c0000, 0x0000000100000000)
   the space 21248K,  66% used [0x00000000fae00000, 0x00000000fbbc0bf0, 0x00000000fbbc0c00, 0x00000000fc2c0000)
No shared spaces configured.
Event: 10.237 GC heap after
Heap after GC invocations=29 (full 0):
 def new generation   total 8384K, used 771K [0x00000000dfa00000, 0x00000000e0310000, 0x00000000e8b50000)
  eden space 7488K,   0% used [0x00000000dfa00000, 0x00000000dfa00000, 0x00000000e0150000)
  from space 896K,  86% used [0x00000000e0230000, 0x00000000e02f0d20, 0x00000000e0310000)
  to   space 896K,   0% used [0x00000000e0150000, 0x00000000e0150000, 0x00000000e0230000)
 tenured generation   total 18624K, used 16982K [0x00000000e8b50000, 0x00000000e9d80000, 0x00000000fae00000)
   the space 18624K,  91% used [0x00000000e8b50000, 0x00000000e9be5918, 0x00000000e9be5a00, 0x00000000e9d80000)
 compacting perm gen  total 21248K, used 14082K [0x00000000fae00000, 0x00000000fc2c0000, 0x0000000100000000)
   the space 21248K,  66% used [0x00000000fae00000, 0x00000000fbbc0bf0, 0x00000000fbbc0c00, 0x00000000fc2c0000)
No shared spaces configured.
}
Event: 10.605 GC heap before
{Heap before GC invocations=29 (full 0):
 def new generation   total 8384K, used 8256K [0x00000000dfa00000, 0x00000000e0310000, 0x00000000e8b50000)
  eden space 7488K,  99% used [0x00000000dfa00000, 0x00000000e014f4b0, 0x00000000e0150000)
  from space 896K,  86% used [0x00000000e0230000, 0x00000000e02f0d20, 0x00000000e0310000)
  to   space 896K,   0% used [0x00000000e0150000, 0x00000000e0150000, 0x00000000e0230000)
 tenured generation   total 18624K, used 16982K [0x00000000e8b50000, 0x00000000e9d80000, 0x00000000fae00000)
   the space 18624K,  91% used [0x00000000e8b50000, 0x00000000e9be5918, 0x00000000e9be5a00, 0x00000000e9d80000)
 compacting perm gen  total 21248K, used 14151K [0x00000000fae00000, 0x00000000fc2c0000, 0x0000000100000000)
   the space 21248K,  66% used [0x00000000fae00000, 0x00000000fbbd1c88, 0x00000000fbbd1e00, 0x00000000fc2c0000)
No shared spaces configured.
Event: 10.610 GC heap after
Heap after GC invocations=30 (full 0):
 def new generation   total 8384K, used 500K [0x00000000dfa00000, 0x00000000e0310000, 0x00000000e8b50000)
  eden space 7488K,   0% used [0x00000000dfa00000, 0x00000000dfa00000, 0x00000000e0150000)
  from space 896K,  55% used [0x00000000e0150000, 0x00000000e01cd028, 0x00000000e0230000)
  to   space 896K,   0% used [0x00000000e0230000, 0x00000000e0230000, 0x00000000e0310000)
 tenured generation   total 18624K, used 17315K [0x00000000e8b50000, 0x00000000e9d80000, 0x00000000fae00000)
   the space 18624K,  92% used [0x00000000e8b50000, 0x00000000e9c38d30, 0x00000000e9c38e00, 0x00000000e9d80000)
 compacting perm gen  total 21248K, used 14151K [0x00000000fae00000, 0x00000000fc2c0000, 0x0000000100000000)
   the space 21248K,  66% used [0x00000000fae00000, 0x00000000fbbd1c88, 0x00000000fbbd1e00, 0x00000000fc2c0000)
No shared spaces configured.
}
Event: 10.781 GC heap before
{Heap before GC invocations=30 (full 0):
 def new generation   total 8384K, used 7988K [0x00000000dfa00000, 0x00000000e0310000, 0x00000000e8b50000)
  eden space 7488K, 100% used [0x00000000dfa00000, 0x00000000e0150000, 0x00000000e0150000)
  from space 896K,  55% used [0x00000000e0150000, 0x00000000e01cd028, 0x00000000e0230000)
  to   space 896K,   0% used [0x00000000e0230000, 0x00000000e0230000, 0x00000000e0310000)
 tenured generation   total 18624K, used 17315K [0x00000000e8b50000, 0x00000000e9d80000, 0x00000000fae00000)
   the space 18624K,  92% used [0x00000000e8b50000, 0x00000000e9c38d30, 0x00000000e9c38e00, 0x00000000e9d80000)
 compacting perm gen  total 21248K, used 14194K [0x00000000fae00000, 0x00000000fc2c0000, 0x0000000100000000)
   the space 21248K,  66% used [0x00000000fae00000, 0x00000000fbbdc808, 0x00000000fbbdca00, 0x00000000fc2c0000)
No shared spaces configured.
Event: 10.787 GC heap after
Heap after GC invocations=31 (full 0):
 def new generation   total 8384K, used 574K [0x00000000dfa00000, 0x00000000e0310000, 0x00000000e8b50000)
  eden space 7488K,   0% used [0x00000000dfa00000, 0x00000000dfa00000, 0x00000000e0150000)
  from space 896K,  64% used [0x00000000e0230000, 0x00000000e02bf8a0, 0x00000000e0310000)
  to   space 896K,   0% used [0x00000000e0150000, 0x00000000e0150000, 0x00000000e0230000)
 tenured generation   total 18624K, used 17555K [0x00000000e8b50000, 0x00000000e9d80000, 0x00000000fae00000)
   the space 18624K,  94% used [0x00000000e8b50000, 0x00000000e9c74d48, 0x00000000e9c74e00, 0x00000000e9d80000)
 compacting perm gen  total 21248K, used 14194K [0x00000000fae00000, 0x00000000fc2c0000, 0x0000000100000000)
   the space 21248K,  66% used [0x00000000fae00000, 0x00000000fbbdc808, 0x00000000fbbdca00, 0x00000000fc2c0000)
No shared spaces configured.
}
Event: 10.924 GC heap before
{Heap before GC invocations=31 (full 0):
 def new generation   total 8384K, used 8062K [0x00000000dfa00000, 0x00000000e0310000, 0x00000000e8b50000)
  eden space 7488K, 100% used [0x00000000dfa00000, 0x00000000e0150000, 0x00000000e0150000)
  from space 896K,  64% used [0x00000000e0230000, 0x00000000e02bf8a0, 0x00000000e0310000)
  to   space 896K,   0% used [0x00000000e0150000, 0x00000000e0150000, 0x00000000e0230000)
 tenured generation   total 18624K, used 17555K [0x00000000e8b50000, 0x00000000e9d80000, 0x00000000fae00000)
   the space 18624K,  94% used [0x00000000e8b50000, 0x00000000e9c74d48, 0x00000000e9c74e00, 0x00000000e9d80000)
 compacting perm gen  total 21248K, used 14227K [0x00000000fae00000, 0x00000000fc2c0000, 0x0000000100000000)
   the space 21248K,  66% used [0x00000000fae00000, 0x00000000fbbe4c78, 0x00000000fbbe4e00, 0x00000000fc2c0000)
No shared spaces configured.
Event: 10.928 GC heap after
Heap after GC invocations=32 (full 0):
 def new generation   total 8384K, used 575K [0x00000000dfa00000, 0x00000000e0310000, 0x00000000e8b50000)
  eden space 7488K,   0% used [0x00000000dfa00000, 0x00000000dfa00000, 0x00000000e0150000)
  from space 896K,  64% used [0x00000000e0150000, 0x00000000e01dfc28, 0x00000000e0230000)
  to   space 896K,   0% used [0x00000000e0230000, 0x00000000e0230000, 0x00000000e0310000)
 tenured generation   total 18624K, used 17730K [0x00000000e8b50000, 0x00000000e9d80000, 0x00000000fae00000)
   the space 18624K,  95% used [0x00000000e8b50000, 0x00000000e9ca0a38, 0x00000000e9ca0c00, 0x00000000e9d80000)
 compacting perm gen  total 21248K, used 14227K [0x00000000fae00000, 0x00000000fc2c0000, 0x0000000100000000)
   the space 21248K,  66% used [0x00000000fae00000, 0x00000000fbbe4c78, 0x00000000fbbe4e00, 0x00000000fc2c0000)
No shared spaces configured.
}

Deoptimization events (10 events):
Event: 10.953 Thread 0x00007fec54009000 Uncommon trap -34 fr.pc 0x00007fec4ffda1e0
Event: 10.953 Thread 0x00007fec54009000 Uncommon trap -34 fr.pc 0x00007fec4ffda1e0
Event: 10.953 Thread 0x00007fec54009000 Uncommon trap -34 fr.pc 0x00007fec4ffda1e0
Event: 10.965 Thread 0x00007fec54009000 Uncommon trap -34 fr.pc 0x00007fec500d5f38
Event: 10.968 Thread 0x00007fec54009000 Uncommon trap -83 fr.pc 0x00007fec500a81d0
Event: 10.969 Thread 0x00007fec54009000 Uncommon trap -34 fr.pc 0x00007fec500d5f38
Event: 10.969 Thread 0x00007fec54009000 Uncommon trap -34 fr.pc 0x00007fec500d5f38
Event: 10.969 Thread 0x00007fec54009000 Uncommon trap -34 fr.pc 0x00007fec500d5f38
Event: 10.979 Thread 0x00007fec54009000 Uncommon trap -83 fr.pc 0x00007fec500a2e24
Event: 11.081 Thread 0x00007fec5474a000 Uncommon trap -34 fr.pc 0x00007fec4ffe1078

Internal exceptions (10 events):
Event: 11.029 Thread 0x00007fec54009000 Threw 0x00000000dfd5b768 at /HUDSON/workspace/jdk7u7-2-build-linux-amd64-product/jdk7u7/hotspot/src/share/vm/prims/jvm.cpp:1166
Event: 11.035 Thread 0x00007fec54009000 Threw 0x00000000dfd6f2a8 at /HUDSON/workspace/jdk7u7-2-build-linux-amd64-product/jdk7u7/hotspot/src/share/vm/prims/jvm.cpp:1166
Event: 11.035 Thread 0x00007fec54009000 Threw 0x00000000dfd6fa48 at /HUDSON/workspace/jdk7u7-2-build-linux-amd64-product/jdk7u7/hotspot/src/share/vm/prims/jvm.cpp:1166
Event: 11.036 Thread 0x00007fec54009000 Threw 0x00000000dfd79ad0 at /HUDSON/workspace/jdk7u7-2-build-linux-amd64-product/jdk7u7/hotspot/src/share/vm/prims/jvm.cpp:1166
Event: 11.036 Thread 0x00007fec54009000 Threw 0x00000000dfd7a260 at /HUDSON/workspace/jdk7u7-2-build-linux-amd64-product/jdk7u7/hotspot/src/share/vm/prims/jvm.cpp:1166
Event: 11.043 Thread 0x00007fec54009000 Threw 0x00000000dfd9e888 at /HUDSON/workspace/jdk7u7-2-build-linux-amd64-product/jdk7u7/hotspot/src/share/vm/prims/jvm.cpp:1166
Event: 11.077 Thread 0x00007fec5474a000 Threw 0x00000000dfe1ae60 at /HUDSON/workspace/jdk7u7-2-build-linux-amd64-product/jdk7u7/hotspot/src/share/vm/prims/jvm.cpp:1166
Event: 11.077 Thread 0x00007fec5474a000 Threw 0x00000000dfe1b260 at /HUDSON/workspace/jdk7u7-2-build-linux-amd64-product/jdk7u7/hotspot/src/share/vm/prims/jvm.cpp:1166
Event: 11.083 Thread 0x00007fec5474a000 Threw 0x00000000dfe1ffb8 at /HUDSON/workspace/jdk7u7-2-build-linux-amd64-product/jdk7u7/hotspot/src/share/vm/prims/jvm.cpp:1166
Event: 11.083 Thread 0x00007fec5474a000 Threw 0x00000000dfe20388 at /HUDSON/workspace/jdk7u7-2-build-linux-amd64-product/jdk7u7/hotspot/src/share/vm/prims/jvm.cpp:1166

Events (10 events):
Event: 11.133 loading class 0x00007fec3c884ff0
Event: 11.133 loading class 0x00007fec3c884ff0 done
Event: 11.135 loading class 0x00007fec3c884f80
Event: 11.135 loading class 0x00007fec3c884f80 done
Event: 11.135 loading class 0x00007fec3c884fb0
Event: 11.135 loading class 0x00007fec3c0f7360
Event: 11.135 loading class 0x00007fec3c0f7360 done
Event: 11.135 loading class 0x00007fec3c884fb0 done
Event: 11.135 Executing VM operation: Deoptimize
Event: 11.135 Executing VM operation: Deoptimize done


Dynamic libraries:
00400000-00401000 r-xp 00000000 08:01 136104                             /usr/lib/jvm/java-7-oracle/bin/java
00600000-00601000 rw-p 00000000 08:01 136104                             /usr/lib/jvm/java-7-oracle/bin/java
01bf9000-01c1a000 rw-p 00000000 00:00 0                                  [heap]
dfa00000-e0310000 rw-p 00000000 00:00 0 
e0310000-e8b50000 rw-p 00000000 00:00 0 
e8b50000-e9d80000 rw-p 00000000 00:00 0 
e9d80000-fae00000 rw-p 00000000 00:00 0 
fae00000-fc2c0000 rw-p 00000000 00:00 0 
fc2c0000-100000000 rw-p 00000000 00:00 0 
7fec30000000-7fec30f2e000 rw-p 00000000 00:00 0 
7fec30f2e000-7fec34000000 ---p 00000000 00:00 0 
7fec34000000-7fec34021000 rw-p 00000000 00:00 0 
7fec34021000-7fec38000000 ---p 00000000 00:00 0 
7fec38000000-7fec38021000 rw-p 00000000 00:00 0 
7fec38021000-7fec3c000000 ---p 00000000 00:00 0 
7fec3c000000-7fec3d2e5000 rw-p 00000000 00:00 0 
7fec3d2e5000-7fec40000000 ---p 00000000 00:00 0 
7fec40000000-7fec40021000 rw-p 00000000 00:00 0 
7fec40021000-7fec44000000 ---p 00000000 00:00 0 
7fec44000000-7fec44021000 rw-p 00000000 00:00 0 
7fec44021000-7fec48000000 ---p 00000000 00:00 0 
7fec48000000-7fec4803e000 rw-p 00000000 00:00 0 
7fec4803e000-7fec4c000000 ---p 00000000 00:00 0 
7fec4e278000-7fec4e4ea000 rw-p 00000000 00:00 0 
7fec4e4ea000-7fec4e4ff000 r-xp 00000000 08:01 3747                       /lib/x86_64-linux-gnu/libgcc_s.so.1
7fec4e4ff000-7fec4e6fe000 ---p 00015000 08:01 3747                       /lib/x86_64-linux-gnu/libgcc_s.so.1
7fec4e6fe000-7fec4e6ff000 r--p 00014000 08:01 3747                       /lib/x86_64-linux-gnu/libgcc_s.so.1
7fec4e6ff000-7fec4e700000 rw-p 00015000 08:01 3747                       /lib/x86_64-linux-gnu/libgcc_s.so.1
7fec4e700000-7fec4e7e2000 r-xp 00000000 08:01 10755                      /usr/lib/x86_64-linux-gnu/libstdc++.so.6.0.16
7fec4e7e2000-7fec4e9e1000 ---p 000e2000 08:01 10755                      /usr/lib/x86_64-linux-gnu/libstdc++.so.6.0.16
7fec4e9e1000-7fec4e9e9000 r--p 000e1000 08:01 10755                      /usr/lib/x86_64-linux-gnu/libstdc++.so.6.0.16
7fec4e9e9000-7fec4e9eb000 rw-p 000e9000 08:01 10755                      /usr/lib/x86_64-linux-gnu/libstdc++.so.6.0.16
7fec4e9eb000-7fec4ea00000 rw-p 00000000 00:00 0 
7fec4ea03000-7fec4ea04000 rw-p 00000000 00:00 0 
7fec4ea04000-7fec4ea0e000 r--s 00371000 08:01 262991                     /usr/lib/jvm/java-7-oracle/jre/lib/charsets.jar
7fec4ea0e000-7fec4ea4b000 r-xp 00000000 08:01 1333269                    /home/Vjianke./recommendsys/Mahout-custimization-eachcloud/examples/target/libNLPIR_JNI.so
7fec4ea4b000-7fec4ec4a000 ---p 0003d000 08:01 1333269                    /home/Vjianke./recommendsys/Mahout-custimization-eachcloud/examples/target/libNLPIR_JNI.so
7fec4ec4a000-7fec4ec4c000 rw-p 0003c000 08:01 1333269                    /home/Vjianke./recommendsys/Mahout-custimization-eachcloud/examples/target/libNLPIR_JNI.so
7fec4ec4c000-7fec4ec4f000 ---p 00000000 00:00 0 
7fec4ec4f000-7fec4ed4d000 rw-p 00000000 00:00 0 
7fec4ed4d000-7fec4ed4f000 r--s 0000b000 08:01 1214247                    /home/Vjianke./.m2/repository/org/apache/commons/commons-exec/1.1/commons-exec-1.1.jar
7fec4ed4f000-7fec4ed53000 r--s 00033000 08:01 1857711                    /home/Vjianke./.m2/repository/org/codehaus/plexus/plexus-utils/2.0.5/plexus-utils-2.0.5.jar
7fec4ed53000-7fec4ed55000 r--s 00002000 08:01 1721043                    /home/Vjianke./.m2/repository/org/codehaus/plexus/plexus-interactivity-api/1.0-alpha-4/plexus-interactivity-api-1.0-alpha-4.jar
7fec4ed55000-7fec4ed57000 r--s 00006000 08:01 1082280                    /home/Vjianke./.m2/repository/commons-cli/commons-cli/1.0/commons-cli-1.0.jar
7fec4ed57000-7fec4ed58000 r--s 00001000 08:01 1213625                    /home/Vjianke./.m2/repository/org/apache/maven/doxia/doxia-sink-api/1.0-alpha-7/doxia-sink-api-1.0-alpha-7.jar
7fec4ed58000-7fec4ed59000 r--s 00002000 08:01 1213624                    /home/Vjianke./.m2/repository/org/apache/maven/reporting/maven-reporting-api/2.0.6/maven-reporting-api-2.0.6.jar
7fec4ed59000-7fec4ed5b000 r--s 00008000 08:01 1721257                    /home/Vjianke./.m2/repository/org/codehaus/mojo/exec-maven-plugin/1.2.1/exec-maven-plugin-1.2.1.jar
7fec4ed5b000-7fec4ed5e000 ---p 00000000 00:00 0 
7fec4ed5e000-7fec4ed83000 rw-p 00000000 00:00 0 
7fec4ed83000-7fec4ed87000 r--s 00089000 08:01 262829                     /usr/lib/jvm/java-7-oracle/jre/lib/jsse.jar
7fec4ed87000-7fec4ed8a000 ---p 00000000 00:00 0 
7fec4ed8a000-7fec4eeb9000 rw-p 00000000 00:00 0 
7fec4eeb9000-7fec4eece000 r-xp 00000000 08:01 263510                     /usr/lib/jvm/java-7-oracle/jre/lib/amd64/libnet.so
7fec4eece000-7fec4f0ce000 ---p 00015000 08:01 263510                     /usr/lib/jvm/java-7-oracle/jre/lib/amd64/libnet.so
7fec4f0ce000-7fec4f0cf000 rw-p 00015000 08:01 263510                     /usr/lib/jvm/java-7-oracle/jre/lib/amd64/libnet.so
7fec4f0cf000-7fec4f0df000 r-xp 00000000 08:01 263519                     /usr/lib/jvm/java-7-oracle/jre/lib/amd64/libnio.so
7fec4f0df000-7fec4f2df000 ---p 00010000 08:01 263519                     /usr/lib/jvm/java-7-oracle/jre/lib/amd64/libnio.so
7fec4f2df000-7fec4f2e0000 rw-p 00010000 08:01 263519                     /usr/lib/jvm/java-7-oracle/jre/lib/amd64/libnio.so
7fec4f2e0000-7fec4f2e2000 r--s 00007000 08:01 42978                      /usr/share/maven/lib/maven-settings-builder-3.0.4.jar
7fec4f2e2000-7fec4f2e5000 r--s 00013000 08:01 1082081                    /usr/share/maven-repo/org/sonatype/aether/aether-api/1.13.1/aether-api-1.13.1.jar
7fec4f2e5000-7fec4f2f1000 r--s 0007c000 08:01 42972                      /usr/share/maven/lib/maven-core-3.0.4.jar
7fec4f2f1000-7fec4f2f5000 r--s 0001c000 08:01 42660                      /usr/share/maven-repo/org/sonatype/aether/aether-util/1.13.1/aether-util-1.13.1.jar
7fec4f2f5000-7fec4f2f7000 r--s 0000a000 08:01 42970                      /usr/share/maven/lib/maven-artifact-3.0.4.jar
7fec4f2f7000-7fec4f2f9000 r--s 00005000 08:01 42977                      /usr/share/maven/lib/maven-repository-metadata-3.0.4.jar
7fec4f2f9000-7fec4f2fb000 r--s 00009000 08:01 42976                      /usr/share/maven/lib/maven-plugin-api-3.0.4.jar
7fec4f2fb000-7fec4f2fd000 r--s 00000000 08:01 42462                      /usr/share/java/plexus-component-annotations-1.5-1.5.5.jar
7fec4f2fd000-7fec4f304000 r--s 00040000 08:01 42608                      /usr/share/java/sisu-inject-bean.jar
7fec4f304000-7fec4f306000 r--s 00006000 08:01 42665                      /usr/share/maven-repo/org/sonatype/aether/aether-connector-wagon/1.13.1/aether-connector-wagon-1.13.1.jar
7fec4f306000-7fec4f307000 r--s 00004000 08:01 42306                      /usr/share/java/wagon-http-shared.jar
7fec4f307000-7fec4f309000 r--s 00007000 08:01 40841                      /usr/share/java/commons-cli-1.2.jar
7fec4f309000-7fec4f30c000 r--s 0001d000 08:01 1857619                    /usr/share/maven-repo/org/sonatype/aether/aether-impl/1.13.1/aether-impl-1.13.1.jar
7fec4f30c000-7fec4f30d000 r--s 00006000 08:01 1213229                    /usr/share/maven-repo/org/sonatype/plexus/plexus-sec-dispatcher/1.3.1/plexus-sec-dispatcher-1.3.1.jar
7fec4f30d000-7fec4f30e000 r--s 00003000 08:01 945112                     /usr/share/maven-repo/org/sonatype/aether/aether-spi/1.13.1/aether-spi-1.13.1.jar
7fec4f30e000-7fec4f30f000 r--s 00001000 08:01 42308                      /usr/share/java/wagon-http.jar
7fec4f30f000-7fec4f311000 r--s 00009000 08:01 42979                      /usr/share/maven/lib/maven-settings-3.0.4.jar
7fec4f311000-7fec4f313000 r--s 0000b000 08:01 944773                     /usr/share/maven-repo/org/codehaus/plexus/plexus-interpolation/1.11/plexus-interpolation-1.11.jar
7fec4f313000-7fec4f319000 r--s 0002c000 08:01 42616                      /usr/share/java/sisu-inject-plexus.jar
7fec4f319000-7fec4f31a000 ---p 00000000 00:00 0 
7fec4f31a000-7fec4f41a000 rw-p 00000000 00:00 0 
7fec4f41a000-7fec4f41d000 ---p 00000000 00:00 0 
7fec4f41d000-7fec4f51b000 rw-p 00000000 00:00 0 
7fec4f51b000-7fec4f51e000 ---p 00000000 00:00 0 
7fec4f51e000-7fec4f61c000 rw-p 00000000 00:00 0 
7fec4f61c000-7fec4f61f000 ---p 00000000 00:00 0 
7fec4f61f000-7fec4f71d000 rw-p 00000000 00:00 0 
7fec4f71d000-7fec4f720000 ---p 00000000 00:00 0 
7fec4f720000-7fec4f81e000 rw-p 00000000 00:00 0 
7fec4f81e000-7fec4f9a7000 r--p 00000000 08:01 2823                       /usr/lib/locale/locale-archive
7fec4f9a7000-7fec4f9aa000 ---p 00000000 00:00 0 
7fec4f9aa000-7fec4faa8000 rw-p 00000000 00:00 0 
7fec4faa8000-7fec4faab000 ---p 00000000 00:00 0 
7fec4faab000-7fec4fba9000 rw-p 00000000 00:00 0 
7fec4fba9000-7fec4fbaa000 ---p 00000000 00:00 0 
7fec4fbaa000-7fec4fd1a000 rw-p 00000000 00:00 0 
7fec4fd1a000-7fec4fed6000 r--s 039d3000 08:01 262897                     /usr/lib/jvm/java-7-oracle/jre/lib/rt.jar
7fec4fed6000-7fec4fee0000 rw-p 00000000 00:00 0 
7fec4fee0000-7fec4ff68000 rw-p 00000000 00:00 0 
7fec4ff68000-7fec501d8000 rwxp 00000000 00:00 0 
7fec501d8000-7fec52f68000 rw-p 00000000 00:00 0 
7fec52f68000-7fec52f82000 r-xp 00000000 08:01 263485                     /usr/lib/jvm/java-7-oracle/jre/lib/amd64/libzip.so
7fec52f82000-7fec53182000 ---p 0001a000 08:01 263485                     /usr/lib/jvm/java-7-oracle/jre/lib/amd64/libzip.so
7fec53182000-7fec53183000 rw-p 0001a000 08:01 263485                     /usr/lib/jvm/java-7-oracle/jre/lib/amd64/libzip.so
7fec53183000-7fec5318f000 r-xp 00000000 08:01 32159                      /lib/x86_64-linux-gnu/libnss_files-2.15.so
7fec5318f000-7fec5338e000 ---p 0000c000 08:01 32159                      /lib/x86_64-linux-gnu/libnss_files-2.15.so
7fec5338e000-7fec5338f000 r--p 0000b000 08:01 32159                      /lib/x86_64-linux-gnu/libnss_files-2.15.so
7fec5338f000-7fec53390000 rw-p 0000c000 08:01 32159                      /lib/x86_64-linux-gnu/libnss_files-2.15.so
7fec53390000-7fec5339a000 r-xp 00000000 08:01 32155                      /lib/x86_64-linux-gnu/libnss_nis-2.15.so
7fec5339a000-7fec5359a000 ---p 0000a000 08:01 32155                      /lib/x86_64-linux-gnu/libnss_nis-2.15.so
7fec5359a000-7fec5359b000 r--p 0000a000 08:01 32155                      /lib/x86_64-linux-gnu/libnss_nis-2.15.so
7fec5359b000-7fec5359c000 rw-p 0000b000 08:01 32155                      /lib/x86_64-linux-gnu/libnss_nis-2.15.so
7fec5359c000-7fec535b3000 r-xp 00000000 08:01 32168                      /lib/x86_64-linux-gnu/libnsl-2.15.so
7fec535b3000-7fec537b2000 ---p 00017000 08:01 32168                      /lib/x86_64-linux-gnu/libnsl-2.15.so
7fec537b2000-7fec537b3000 r--p 00016000 08:01 32168                      /lib/x86_64-linux-gnu/libnsl-2.15.so
7fec537b3000-7fec537b4000 rw-p 00017000 08:01 32168                      /lib/x86_64-linux-gnu/libnsl-2.15.so
7fec537b4000-7fec537b6000 rw-p 00000000 00:00 0 
7fec537b6000-7fec537be000 r-xp 00000000 08:01 32160                      /lib/x86_64-linux-gnu/libnss_compat-2.15.so
7fec537be000-7fec539bd000 ---p 00008000 08:01 32160                      /lib/x86_64-linux-gnu/libnss_compat-2.15.so
7fec539bd000-7fec539be000 r--p 00007000 08:01 32160                      /lib/x86_64-linux-gnu/libnss_compat-2.15.so
7fec539be000-7fec539bf000 rw-p 00008000 08:01 32160                      /lib/x86_64-linux-gnu/libnss_compat-2.15.so
7fec539bf000-7fec539e8000 r-xp 00000000 08:01 263473                     /usr/lib/jvm/java-7-oracle/jre/lib/amd64/libjava.so
7fec539e8000-7fec53be8000 ---p 00029000 08:01 263473                     /usr/lib/jvm/java-7-oracle/jre/lib/amd64/libjava.so
7fec53be8000-7fec53bea000 rw-p 00029000 08:01 263473                     /usr/lib/jvm/java-7-oracle/jre/lib/amd64/libjava.so
7fec53bea000-7fec53bf7000 r-xp 00000000 08:01 263495                     /usr/lib/jvm/java-7-oracle/jre/lib/amd64/libverify.so
7fec53bf7000-7fec53df6000 ---p 0000d000 08:01 263495                     /usr/lib/jvm/java-7-oracle/jre/lib/amd64/libverify.so
7fec53df6000-7fec53df8000 rw-p 0000c000 08:01 263495                     /usr/lib/jvm/java-7-oracle/jre/lib/amd64/libverify.so
7fec53df8000-7fec53dff000 r-xp 00000000 08:01 32153                      /lib/x86_64-linux-gnu/librt-2.15.so
7fec53dff000-7fec53ffe000 ---p 00007000 08:01 32153                      /lib/x86_64-linux-gnu/librt-2.15.so
7fec53ffe000-7fec53fff000 r--p 00006000 08:01 32153                      /lib/x86_64-linux-gnu/librt-2.15.so
7fec53fff000-7fec54000000 rw-p 00007000 08:01 32153                      /lib/x86_64-linux-gnu/librt-2.15.so
7fec54000000-7fec54798000 rw-p 00000000 00:00 0 
7fec54798000-7fec58000000 ---p 00000000 00:00 0 
7fec58000000-7fec58001000 rw-p 00000000 00:00 0 
7fec58001000-7fec58018000 r--s 000de000 08:01 42519                      /usr/share/java/guava-r09.jar
7fec58018000-7fec5801a000 r--s 0000a000 08:01 42302                      /usr/share/java/wagon-provider-api.jar
7fec5801a000-7fec58026000 r--s 00082000 08:01 1720906                    /usr/share/maven-repo/org/sonatype/sisu/sisu-guice/3.1.0/sisu-guice-3.1.0.jar
7fec58026000-7fec5802a000 r--s 00033000 08:01 42455                      /usr/share/java/plexus-utils2-2.0.5.jar
7fec5802a000-7fec58030000 r--s 0003e000 08:01 42971                      /usr/share/maven/lib/maven-compat-3.0.4.jar
7fec58030000-7fec58031000 r--s 00001000 08:01 42304                      /usr/share/java/wagon-file.jar
7fec58031000-7fec58035000 r--s 00020000 08:01 42974                      /usr/share/maven/lib/maven-model-builder-3.0.4.jar
7fec58035000-7fec58037000 r--s 0000b000 08:01 42969                      /usr/share/maven/lib/maven-aether-provider-3.0.4.jar
7fec58037000-7fec58039000 r--s 00002000 08:01 1081991                    /usr/share/maven-repo/org/sonatype/plexus/plexus-cipher/1.5/plexus-cipher-1.5.jar
7fec58039000-7fec5803b000 r--s 00025000 08:01 42975                      /usr/share/maven/lib/maven-model-3.0.4.jar
7fec5803b000-7fec5803d000 r--s 00008000 08:01 42973                      /usr/share/maven/lib/maven-embedder-3.0.4.jar
7fec5803d000-7fec5803f000 r--s 0000c000 08:01 40424                      /usr/share/java/commons-logging-1.1.1.jar
7fec5803f000-7fec58042000 r--s 00011000 08:01 41649                      /usr/share/java/commons-codec-1.5.jar
7fec58042000-7fec58048000 r--s 00045000 08:01 42196                      /usr/share/java/commons-httpclient-3.1.jar
7fec58048000-7fec58075000 rw-p 00000000 00:00 0 
7fec58075000-7fec580b8000 rw-p 00000000 00:00 0 
7fec580b8000-7fec580c2000 rw-p 00000000 00:00 0 
7fec580c2000-7fec5814a000 rw-p 00000000 00:00 0 
7fec5814a000-7fec58155000 rw-p 00000000 00:00 0 
7fec58155000-7fec58173000 rw-p 00000000 00:00 0 
7fec58173000-7fec58174000 rw-p 00000000 00:00 0 
7fec58174000-7fec5826f000 r-xp 00000000 08:01 32157                      /lib/x86_64-linux-gnu/libm-2.15.so
7fec5826f000-7fec5846e000 ---p 000fb000 08:01 32157                      /lib/x86_64-linux-gnu/libm-2.15.so
7fec5846e000-7fec5846f000 r--p 000fa000 08:01 32157                      /lib/x86_64-linux-gnu/libm-2.15.so
7fec5846f000-7fec58470000 rw-p 000fb000 08:01 32157                      /lib/x86_64-linux-gnu/libm-2.15.so
7fec58470000-7fec58eb7000 r-xp 00000000 08:01 263502                     /usr/lib/jvm/java-7-oracle/jre/lib/amd64/server/libjvm.so
7fec58eb7000-7fec590b6000 ---p 00a47000 08:01 263502                     /usr/lib/jvm/java-7-oracle/jre/lib/amd64/server/libjvm.so
7fec590b6000-7fec59159000 rw-p 00a46000 08:01 263502                     /usr/lib/jvm/java-7-oracle/jre/lib/amd64/server/libjvm.so
7fec59159000-7fec59195000 rw-p 00000000 00:00 0 
7fec59195000-7fec5934a000 r-xp 00000000 08:01 32147                      /lib/x86_64-linux-gnu/libc-2.15.so
7fec5934a000-7fec59549000 ---p 001b5000 08:01 32147                      /lib/x86_64-linux-gnu/libc-2.15.so
7fec59549000-7fec5954d000 r--p 001b4000 08:01 32147                      /lib/x86_64-linux-gnu/libc-2.15.so
7fec5954d000-7fec5954f000 rw-p 001b8000 08:01 32147                      /lib/x86_64-linux-gnu/libc-2.15.so
7fec5954f000-7fec59554000 rw-p 00000000 00:00 0 
7fec59554000-7fec59556000 r-xp 00000000 08:01 32146                      /lib/x86_64-linux-gnu/libdl-2.15.so
7fec59556000-7fec59756000 ---p 00002000 08:01 32146                      /lib/x86_64-linux-gnu/libdl-2.15.so
7fec59756000-7fec59757000 r--p 00002000 08:01 32146                      /lib/x86_64-linux-gnu/libdl-2.15.so
7fec59757000-7fec59758000 rw-p 00003000 08:01 32146                      /lib/x86_64-linux-gnu/libdl-2.15.so
7fec59758000-7fec5976e000 r-xp 00000000 08:01 263527                     /usr/lib/jvm/java-7-oracle/jre/lib/amd64/jli/libjli.so
7fec5976e000-7fec5996d000 ---p 00016000 08:01 263527                     /usr/lib/jvm/java-7-oracle/jre/lib/amd64/jli/libjli.so
7fec5996d000-7fec5996e000 rw-p 00015000 08:01 263527                     /usr/lib/jvm/java-7-oracle/jre/lib/amd64/jli/libjli.so
7fec5996e000-7fec59986000 r-xp 00000000 08:01 32151                      /lib/x86_64-linux-gnu/libpthread-2.15.so
7fec59986000-7fec59b85000 ---p 00018000 08:01 32151                      /lib/x86_64-linux-gnu/libpthread-2.15.so
7fec59b85000-7fec59b86000 r--p 00017000 08:01 32151                      /lib/x86_64-linux-gnu/libpthread-2.15.so
7fec59b86000-7fec59b87000 rw-p 00018000 08:01 32151                      /lib/x86_64-linux-gnu/libpthread-2.15.so
7fec59b87000-7fec59b8b000 rw-p 00000000 00:00 0 
7fec59b8b000-7fec59bad000 r-xp 00000000 08:01 32163                      /lib/x86_64-linux-gnu/ld-2.15.so
7fec59bad000-7fec59bae000 r--p 00000000 00:00 0 
7fec59bae000-7fec59bb9000 rw-p 00000000 00:00 0 
7fec59bb9000-7fec59bd8000 rw-p 00000000 00:00 0 
7fec59bd8000-7fec59be2000 rw-p 00000000 00:00 0 
7fec59be2000-7fec59c98000 rw-p 00000000 00:00 0 
7fec59c98000-7fec59c9b000 ---p 00000000 00:00 0 
7fec59c9b000-7fec59d9d000 rw-p 00000000 00:00 0 
7fec59d9d000-7fec59d9f000 r--s 00003000 08:01 40848                      /usr/share/java/jsr305-0.1~+svn49.jar
7fec59d9f000-7fec59da1000 r--s 0000a000 08:01 40773                      /usr/share/java/plexus-classworlds2-2.4.jar
7fec59da1000-7fec59da9000 rw-s 00000000 08:01 945348                     /tmp/hsperfdata_Vjianke./43449
7fec59da9000-7fec59daa000 rw-p 00000000 00:00 0 
7fec59daa000-7fec59dab000 r--p 00000000 00:00 0 
7fec59dab000-7fec59dad000 rw-p 00000000 00:00 0 
7fec59dad000-7fec59dae000 r--p 00022000 08:01 32163                      /lib/x86_64-linux-gnu/ld-2.15.so
7fec59dae000-7fec59db0000 rw-p 00023000 08:01 32163                      /lib/x86_64-linux-gnu/ld-2.15.so
7fff23916000-7fff23937000 rw-p 00000000 00:00 0                          [stack]
7fff239ff000-7fff23a00000 r-xp 00000000 00:00 0                          [vdso]
ffffffffff600000-ffffffffff601000 r-xp 00000000 00:00 0                  [vsyscall]

VM Arguments:
jvm_args: -Dclassworlds.conf=/usr/share/maven/bin/m2.conf -Dmaven.home=/usr/share/maven 
java_command: org.codehaus.plexus.classworlds.launcher.Launcher -q exec:java -Dexec.mainClass=kevin.zhang.TestNLPIR -e
Launcher Type: SUN_STANDARD

Environment Variables:
JAVA_HOME=/usr/lib/jvm/java-7-oracle
PATH=/usr/local/sbin:/usr/local/bin:/usr/sbin:/usr/bin:/sbin:/bin:/usr/games
SHELL=/bin/bash

Signal Handlers:
SIGSEGV: [libjvm.so+0x8a5a80], sa_mask[0]=0x7ffbfeff, sa_flags=0x10000004
SIGBUS: [libjvm.so+0x8a5a80], sa_mask[0]=0x7ffbfeff, sa_flags=0x10000004
SIGFPE: [libjvm.so+0x741b60], sa_mask[0]=0x7ffbfeff, sa_flags=0x10000004
SIGPIPE: [libjvm.so+0x741b60], sa_mask[0]=0x7ffbfeff, sa_flags=0x10000004
SIGXFSZ: [libjvm.so+0x741b60], sa_mask[0]=0x7ffbfeff, sa_flags=0x10000004
SIGILL: [libjvm.so+0x741b60], sa_mask[0]=0x7ffbfeff, sa_flags=0x10000004
SIGUSR1: SIG_DFL, sa_mask[0]=0x00000000, sa_flags=0x00000000
SIGUSR2: [libjvm.so+0x7414b0], sa_mask[0]=0x00000000, sa_flags=0x10000004
SIGHUP: [libjvm.so+0x743840], sa_mask[0]=0x7ffbfeff, sa_flags=0x10000004
SIGINT: [libjvm.so+0x743840], sa_mask[0]=0x7ffbfeff, sa_flags=0x10000004
SIGTERM: [libjvm.so+0x743840], sa_mask[0]=0x7ffbfeff, sa_flags=0x10000004
SIGQUIT: [libjvm.so+0x743840], sa_mask[0]=0x7ffbfeff, sa_flags=0x10000004


---------------  S Y S T E M  ---------------

OS:wheezy/sid

uname:Linux 3.2.0-24-virtual #39-Ubuntu SMP Mon May 21 18:44:18 UTC 2012 x86_64
libc:glibc 2.15 NPTL 2.15 
rlimit: STACK 8192k, CORE 0k, NPROC 13878, NOFILE 4096, AS infinity
load average:0.52 0.29 0.25

/proc/meminfo:
MemTotal:        1784564 kB
MemFree:          364800 kB
Buffers:           95720 kB
Cached:           905344 kB
SwapCached:            0 kB
Active:           802324 kB
Inactive:         449548 kB
Active(anon):     253684 kB
Inactive(anon):     6236 kB
Active(file):     548640 kB
Inactive(file):   443312 kB
Unevictable:           0 kB
Mlocked:               0 kB
SwapTotal:             0 kB
SwapFree:              0 kB
Dirty:               168 kB
Writeback:             0 kB
AnonPages:        250868 kB
Mapped:            30728 kB
Shmem:              9076 kB
Slab:             128540 kB
SReclaimable:     114276 kB
SUnreclaim:        14264 kB
KernelStack:        1512 kB
PageTables:         5308 kB
NFS_Unstable:          0 kB
Bounce:                0 kB
WritebackTmp:          0 kB
CommitLimit:      892280 kB
Committed_AS:     400476 kB
VmallocTotal:   34359738367 kB
VmallocUsed:       17088 kB
VmallocChunk:   34359719220 kB
HardwareCorrupted:     0 kB
AnonHugePages:         0 kB
HugePages_Total:       0
HugePages_Free:        0
HugePages_Rsvd:        0
HugePages_Surp:        0
Hugepagesize:       2048 kB
DirectMap4k:       28672 kB
DirectMap2M:     1740800 kB
DirectMap1G:     1048576 kB


CPU:total 1 (6 cores per cpu, 1 threads per core) family 16 model 8 stepping 1, cmov, cx8, fxsr, mmx, sse, sse2, sse3, popcnt, mmxext, 3dnowpref, lzcnt, sse4a, tsc

/proc/cpuinfo:
processor	: 0
vendor_id	: AuthenticAMD
cpu family	: 16
model		: 8
model name	: AMD Opteron(tm) Processor 4171 HE
stepping	: 1
cpu MHz		: 2094.736
cache size	: 512 KB
physical id	: 0
siblings	: 1
core id		: 0
cpu cores	: 1
apicid		: 0
initial apicid	: 0
fpu		: yes
fpu_exception	: yes
cpuid level	: 5
wp		: yes
flags		: fpu vme de pse tsc msr pae mce cx8 apic sep mtrr pge mca cmov pat pse36 clflush mmx fxsr sse sse2 ht syscall nx mmxext fxsr_opt pdpe1gb lm 3dnowext 3dnow up rep_good nopl extd_apicid pni cx16 popcnt hypervisor lahf_lm cmp_legacy cr8_legacy abm sse4a misalignsse 3dnowprefetch osvw
bogomips	: 4189.47
TLB size	: 1024 4K pages
clflush size	: 64
cache_alignment	: 64
address sizes	: 46 bits physical, 48 bits virtual
power management:



Memory: 4k page, physical 1784564k(364800k free), swap 0k(0k free)

vm_info: Java HotSpot(TM) 64-Bit Server VM (23.3-b01) for linux-amd64 JRE (1.7.0_07-b10), built on Aug 28 2012 17:44:05 by "java_re" with gcc 4.3.0 20080428 (Red Hat 4.3.0-8)

time: Tue Mar  5 03:50:44 2013
elapsed time: 11 seconds

